This is pdfTeX, Version 3.14159265-2.6-1.40.16 (TeX Live 2015) (preloaded format=pdflatex 2015.5.24)  31 JAN 2016 11:03
entering extended mode
 \write18 enabled.
 %&-line parsing enabled.
**User_manual.tex
(./User_manual.tex
LaTeX2e <2015/01/01>
Babel <3.9l> and hyphenation patterns for 79 languages loaded.
(/usr/local/texlive/2015/texmf-dist/tex/latex/base/article.cls
Document Class: article 2014/09/29 v1.4h Standard LaTeX document class
(/usr/local/texlive/2015/texmf-dist/tex/latex/base/size11.clo
File: size11.clo 2014/09/29 v1.4h Standard LaTeX file (size option)
)
\c@part=\count79
\c@section=\count80
\c@subsection=\count81
\c@subsubsection=\count82
\c@paragraph=\count83
\c@subparagraph=\count84
\c@figure=\count85
\c@table=\count86
\abovecaptionskip=\skip41
\belowcaptionskip=\skip42
\bibindent=\dimen102
)
(/usr/local/texlive/2015/texmf-dist/tex/latex/natbib/natbib.sty
Package: natbib 2010/09/13 8.31b (PWD, AO)
\bibhang=\skip43
\bibsep=\skip44
LaTeX Info: Redefining \cite on input line 694.
\c@NAT@ctr=\count87
)
(/usr/local/texlive/2015/texmf-dist/tex/latex/geometry/geometry.sty
Package: geometry 2010/09/12 v5.6 Page Geometry

(/usr/local/texlive/2015/texmf-dist/tex/latex/graphics/keyval.sty
Package: keyval 2014/10/28 v1.15 key=value parser (DPC)
\KV@toks@=\toks14
)
(/usr/local/texlive/2015/texmf-dist/tex/generic/oberdiek/ifpdf.sty
Package: ifpdf 2011/01/30 v2.3 Provides the ifpdf switch (HO)
Package ifpdf Info: pdfTeX in PDF mode is detected.
)
(/usr/local/texlive/2015/texmf-dist/tex/generic/oberdiek/ifvtex.sty
Package: ifvtex 2010/03/01 v1.5 Detect VTeX and its facilities (HO)
Package ifvtex Info: VTeX not detected.
)
(/usr/local/texlive/2015/texmf-dist/tex/generic/ifxetex/ifxetex.sty
Package: ifxetex 2010/09/12 v0.6 Provides ifxetex conditional
)
\Gm@cnth=\count88
\Gm@cntv=\count89
\c@Gm@tempcnt=\count90
\Gm@bindingoffset=\dimen103
\Gm@wd@mp=\dimen104
\Gm@odd@mp=\dimen105
\Gm@even@mp=\dimen106
\Gm@layoutwidth=\dimen107
\Gm@layoutheight=\dimen108
\Gm@layouthoffset=\dimen109
\Gm@layoutvoffset=\dimen110
\Gm@dimlist=\toks15
)
(/usr/local/texlive/2015/texmf-dist/tex/latex/graphics/color.sty
Package: color 2014/10/28 v1.1a Standard LaTeX Color (DPC)

(/usr/local/texlive/2015/texmf-dist/tex/latex/latexconfig/color.cfg
File: color.cfg 2007/01/18 v1.5 color configuration of teTeX/TeXLive
)
Package color Info: Driver file: pdftex.def on input line 142.

(/usr/local/texlive/2015/texmf-dist/tex/latex/pdftex-def/pdftex.def
File: pdftex.def 2011/05/27 v0.06d Graphics/color for pdfTeX

(/usr/local/texlive/2015/texmf-dist/tex/generic/oberdiek/infwarerr.sty
Package: infwarerr 2010/04/08 v1.3 Providing info/warning/error messages (HO)
)
(/usr/local/texlive/2015/texmf-dist/tex/generic/oberdiek/ltxcmds.sty
Package: ltxcmds 2011/11/09 v1.22 LaTeX kernel commands for general use (HO)
)
\Gread@gobject=\count91
))
(/usr/local/texlive/2015/texmf-dist/tex/latex/oberdiek/chemarr.sty
Package: chemarr 2006/02/20 v1.2 Arrows for chemical reactions (HO)

(/usr/local/texlive/2015/texmf-dist/tex/latex/amsmath/amsmath.sty
Package: amsmath 2013/01/14 v2.14 AMS math features
\@mathmargin=\skip45

For additional information on amsmath, use the `?' option.
(/usr/local/texlive/2015/texmf-dist/tex/latex/amsmath/amstext.sty
Package: amstext 2000/06/29 v2.01

(/usr/local/texlive/2015/texmf-dist/tex/latex/amsmath/amsgen.sty
File: amsgen.sty 1999/11/30 v2.0
\@emptytoks=\toks16
\ex@=\dimen111
))
(/usr/local/texlive/2015/texmf-dist/tex/latex/amsmath/amsbsy.sty
Package: amsbsy 1999/11/29 v1.2d
\pmbraise@=\dimen112
)
(/usr/local/texlive/2015/texmf-dist/tex/latex/amsmath/amsopn.sty
Package: amsopn 1999/12/14 v2.01 operator names
)
\inf@bad=\count92
LaTeX Info: Redefining \frac on input line 210.
\uproot@=\count93
\leftroot@=\count94
LaTeX Info: Redefining \overline on input line 306.
\classnum@=\count95
\DOTSCASE@=\count96
LaTeX Info: Redefining \ldots on input line 378.
LaTeX Info: Redefining \dots on input line 381.
LaTeX Info: Redefining \cdots on input line 466.
\Mathstrutbox@=\box26
\strutbox@=\box27
\big@size=\dimen113
LaTeX Font Info:    Redeclaring font encoding OML on input line 566.
LaTeX Font Info:    Redeclaring font encoding OMS on input line 567.
\macc@depth=\count97
\c@MaxMatrixCols=\count98
\dotsspace@=\muskip10
\c@parentequation=\count99
\dspbrk@lvl=\count100
\tag@help=\toks17
\row@=\count101
\column@=\count102
\maxfields@=\count103
\andhelp@=\toks18
\eqnshift@=\dimen114
\alignsep@=\dimen115
\tagshift@=\dimen116
\tagwidth@=\dimen117
\totwidth@=\dimen118
\lineht@=\dimen119
\@envbody=\toks19
\multlinegap=\skip46
\multlinetaggap=\skip47
\mathdisplay@stack=\toks20
LaTeX Info: Redefining \[ on input line 2665.
LaTeX Info: Redefining \] on input line 2666.
))
(/usr/local/texlive/2015/texmf-dist/tex/latex/amsfonts/amssymb.sty
Package: amssymb 2013/01/14 v3.01 AMS font symbols

(/usr/local/texlive/2015/texmf-dist/tex/latex/amsfonts/amsfonts.sty
Package: amsfonts 2013/01/14 v3.01 Basic AMSFonts support
\symAMSa=\mathgroup4
\symAMSb=\mathgroup5
LaTeX Font Info:    Overwriting math alphabet `\mathfrak' in version `bold'
(Font)                  U/euf/m/n --> U/euf/b/n on input line 106.
))
(/usr/local/texlive/2015/texmf-dist/tex/latex/graphics/graphicx.sty
Package: graphicx 2014/10/28 v1.0g Enhanced LaTeX Graphics (DPC,SPQR)

(/usr/local/texlive/2015/texmf-dist/tex/latex/graphics/graphics.sty
Package: graphics 2014/10/28 v1.0p Standard LaTeX Graphics (DPC,SPQR)

(/usr/local/texlive/2015/texmf-dist/tex/latex/graphics/trig.sty
Package: trig 1999/03/16 v1.09 sin cos tan (DPC)
)
(/usr/local/texlive/2015/texmf-dist/tex/latex/latexconfig/graphics.cfg
File: graphics.cfg 2010/04/23 v1.9 graphics configuration of TeX Live
)
Package graphics Info: Driver file: pdftex.def on input line 94.
)
\Gin@req@height=\dimen120
\Gin@req@width=\dimen121
)
(/usr/local/texlive/2015/texmf-dist/tex/latex/oberdiek/epstopdf.sty
Package: epstopdf 2010/02/09 v2.5 Conversion with epstopdf on the fly (HO)

(/usr/local/texlive/2015/texmf-dist/tex/latex/oberdiek/epstopdf-base.sty
Package: epstopdf-base 2010/02/09 v2.5 Base part for package epstopdf

(/usr/local/texlive/2015/texmf-dist/tex/latex/oberdiek/grfext.sty
Package: grfext 2010/08/19 v1.1 Manage graphics extensions (HO)

(/usr/local/texlive/2015/texmf-dist/tex/generic/oberdiek/kvdefinekeys.sty
Package: kvdefinekeys 2011/04/07 v1.3 Define keys (HO)
))
(/usr/local/texlive/2015/texmf-dist/tex/latex/oberdiek/kvoptions.sty
Package: kvoptions 2011/06/30 v3.11 Key value format for package options (HO)

(/usr/local/texlive/2015/texmf-dist/tex/generic/oberdiek/kvsetkeys.sty
Package: kvsetkeys 2012/04/25 v1.16 Key value parser (HO)

(/usr/local/texlive/2015/texmf-dist/tex/generic/oberdiek/etexcmds.sty
Package: etexcmds 2011/02/16 v1.5 Avoid name clashes with e-TeX commands (HO)

(/usr/local/texlive/2015/texmf-dist/tex/generic/oberdiek/ifluatex.sty
Package: ifluatex 2010/03/01 v1.3 Provides the ifluatex switch (HO)
Package ifluatex Info: LuaTeX not detected.
)
Package etexcmds Info: Could not find \expanded.
(etexcmds)             That can mean that you are not using pdfTeX 1.50 or
(etexcmds)             that some package has redefined \expanded.
(etexcmds)             In the latter case, load this package earlier.
)))
(/usr/local/texlive/2015/texmf-dist/tex/generic/oberdiek/pdftexcmds.sty
Package: pdftexcmds 2011/11/29 v0.20 Utility functions of pdfTeX for LuaTeX (HO
)
Package pdftexcmds Info: LuaTeX not detected.
Package pdftexcmds Info: \pdf@primitive is available.
Package pdftexcmds Info: \pdf@ifprimitive is available.
Package pdftexcmds Info: \pdfdraftmode found.
)
Package grfext Info: Graphics extension search list:
(grfext)             [.png,.pdf,.jpg,.mps,.jpeg,.jbig2,.jb2,.PNG,.PDF,.JPG,.JPE
G,.JBIG2,.JB2,.eps]
(grfext)             \AppendGraphicsExtensions on input line 452.

(/usr/local/texlive/2015/texmf-dist/tex/latex/latexconfig/epstopdf-sys.cfg
File: epstopdf-sys.cfg 2010/07/13 v1.3 Configuration of (r)epstopdf for TeX Liv
e
)))
(/usr/local/texlive/2015/texmf-dist/tex/latex/caption/caption.sty
Package: caption 2013/05/02 v3.3-89 Customizing captions (AR)

(/usr/local/texlive/2015/texmf-dist/tex/latex/caption/caption3.sty
Package: caption3 2013/05/02 v1.6-88 caption3 kernel (AR)
Package caption3 Info: TeX engine: e-TeX on input line 57.
\captionmargin=\dimen122
\captionmargin@=\dimen123
\captionwidth=\dimen124
\caption@tempdima=\dimen125
\caption@indent=\dimen126
\caption@parindent=\dimen127
\caption@hangindent=\dimen128
)
\c@ContinuedFloat=\count104
)
(/usr/local/texlive/2015/texmf-dist/tex/latex/caption/subcaption.sty
Package: subcaption 2013/02/03 v1.1-62 Sub-captions (AR)
\c@subfigure=\count105
\c@subtable=\count106
)
(/usr/local/texlive/2015/texmf-dist/tex/latex/placeins/placeins.sty
Package: placeins 2005/04/18  v 2.2
)
(/usr/local/texlive/2015/texmf-dist/tex/latex/was/gensymb.sty
Package: gensymb 2003/07/02 v1.0 (WaS)
)
(/usr/local/texlive/2015/texmf-dist/tex/latex/tools/array.sty
Package: array 2014/10/28 v2.4c Tabular extension package (FMi)
\col@sep=\dimen129
\extrarowheight=\dimen130
\NC@list=\toks21
\extratabsurround=\skip48
\backup@length=\skip49
)
(./User_manual.aux)
\openout1 = `User_manual.aux'.

LaTeX Font Info:    Checking defaults for OML/cmm/m/it on input line 23.
LaTeX Font Info:    ... okay on input line 23.
LaTeX Font Info:    Checking defaults for T1/cmr/m/n on input line 23.
LaTeX Font Info:    ... okay on input line 23.
LaTeX Font Info:    Checking defaults for OT1/cmr/m/n on input line 23.
LaTeX Font Info:    ... okay on input line 23.
LaTeX Font Info:    Checking defaults for OMS/cmsy/m/n on input line 23.
LaTeX Font Info:    ... okay on input line 23.
LaTeX Font Info:    Checking defaults for OMX/cmex/m/n on input line 23.
LaTeX Font Info:    ... okay on input line 23.
LaTeX Font Info:    Checking defaults for U/cmr/m/n on input line 23.
LaTeX Font Info:    ... okay on input line 23.

*geometry* driver: auto-detecting
*geometry* detected driver: pdftex
*geometry* verbose mode - [ preamble ] result:
* driver: pdftex
* paper: letterpaper
* layout: <same size as paper>
* layoutoffset:(h,v)=(0.0pt,0.0pt)
* modes: 
* h-part:(L,W,R)=(54.2025pt, 505.89pt, 54.2025pt)
* v-part:(T,H,B)=(95.39737pt, 556.47656pt, 143.09605pt)
* \paperwidth=614.295pt
* \paperheight=794.96999pt
* \textwidth=505.89pt
* \textheight=556.47656pt
* \oddsidemargin=-18.06749pt
* \evensidemargin=-18.06749pt
* \topmargin=-13.87262pt
* \headheight=12.0pt
* \headsep=25.0pt
* \topskip=11.0pt
* \footskip=30.0pt
* \marginparwidth=59.0pt
* \marginparsep=10.0pt
* \columnsep=10.0pt
* \skip\footins=10.0pt plus 4.0pt minus 2.0pt
* \hoffset=0.0pt
* \voffset=0.0pt
* \mag=1000
* \@twocolumnfalse
* \@twosidefalse
* \@mparswitchfalse
* \@reversemarginfalse
* (1in=72.27pt=25.4mm, 1cm=28.453pt)

(/usr/local/texlive/2015/texmf-dist/tex/context/base/supp-pdf.mkii
[Loading MPS to PDF converter (version 2006.09.02).]
\scratchcounter=\count107
\scratchdimen=\dimen131
\scratchbox=\box28
\nofMPsegments=\count108
\nofMParguments=\count109
\everyMPshowfont=\toks22
\MPscratchCnt=\count110
\MPscratchDim=\dimen132
\MPnumerator=\count111
\makeMPintoPDFobject=\count112
\everyMPtoPDFconversion=\toks23
)
Package caption Info: Begin \AtBeginDocument code.
Package caption Info: End \AtBeginDocument code.
LaTeX Info: Redefining \celsius on input line 23.
Package gensymb Info: Faking symbols for \degree and \celsius on input line 23.



Package gensymb Warning: Not defining \perthousand.

LaTeX Info: Redefining \ohm on input line 23.
Package gensymb Info: Using \Omega for \ohm on input line 23.

Package gensymb Warning: Not defining \micro.

LaTeX Font Info:    Try loading font information for U+msa on input line 24.
(/usr/local/texlive/2015/texmf-dist/tex/latex/amsfonts/umsa.fd
File: umsa.fd 2013/01/14 v3.01 AMS symbols A
)
LaTeX Font Info:    Try loading font information for U+msb on input line 24.

(/usr/local/texlive/2015/texmf-dist/tex/latex/amsfonts/umsb.fd
File: umsb.fd 2013/01/14 v3.01 AMS symbols B
) [1

{/usr/local/texlive/2015/texmf-var/fonts/map/pdftex/updmap/pdftex.map}] [2]
Overfull \hbox (63.23009pt too wide) in paragraph at lines 107--107
[]\OT1/cmtt/m/n/10.95 channel, <channel number>, 'cpt', <control point number>,
 <x, y or z>, <lower_bound>, <upper_bound>[] 
 []


Overfull \hbox (28.73796pt too wide) in paragraph at lines 224--224
[]\OT1/cmtt/m/n/10.95 # viscosity at a lower bound of Tmax (35.59 C) equal to t
he ideal rise in temp of the coolant[] 
 []

[3] [4] [5]
Overfull \hbox (10.20892pt too wide) in paragraph at lines 236--257
 [][] 
 []


LaTeX Warning: `!h' float specifier changed to `!ht'.

LaTeX Font Info:    Try loading font information for OMS+cmr on input line 279.

(/usr/local/texlive/2015/texmf-dist/tex/latex/base/omscmr.fd
File: omscmr.fd 2014/09/29 v2.5h Standard LaTeX font definitions
)
LaTeX Font Info:    Font shape `OMS/cmr/m/n' in size <10.95> not available
(Font)              Font shape `OMS/cmsy/m/n' tried instead on input line 279.


LaTeX Warning: `!h' float specifier changed to `!ht'.


Underfull \hbox (badness 10000) in paragraph at lines 353--355
[]|\OT1/cmr/m/n/10.95 Tolerance for \OT1/cmtt/m/n/10.95 intersect[]edges.m \OT1
/cmr/m/n/10.95 in
 []


Underfull \hbox (badness 5050) in paragraph at lines 353--355
\OT1/cmtt/m/n/10.95 single[]edge[]curves[]intersect.m\OT1/cmr/m/n/10.95 . \OT1/
cmtt/m/n/10.95 intersect[]edges.m \OT1/cmr/m/n/10.95 is used
 []


Overfull \hbox (4.46024pt too wide) in paragraph at lines 323--366
 [][] 
 []


LaTeX Warning: `!h' float specifier changed to `!ht'.

[6] [7] [8] [9]
Package epstopdf Info: Source file: <create_channel_gui_w_parallel2.eps>
(epstopdf)                    date: 2016-01-25 22:34:12
(epstopdf)                    size: 114194 bytes
(epstopdf)             Output file: <create_channel_gui_w_parallel2-eps-convert
ed-to.pdf>
(epstopdf)                    date: 2016-01-25 22:36:31
(epstopdf)                    size: 62968 bytes
(epstopdf)             Command: <epstopdf --outfile=create_channel_gui_w_parall
el2-eps-converted-to.pdf create_channel_gui_w_parallel2.eps>
(epstopdf)             \includegraphics on input line 380.
Package epstopdf Info: Output file is already uptodate.

<create_channel_gui_w_parallel2-eps-converted-to.pdf, id=39, 1379.1525pt x 737.
75626pt>
File: create_channel_gui_w_parallel2-eps-converted-to.pdf Graphic file (type pd
f)
 <use create_channel_gui_w_parallel2-eps-converted-to.pdf>
Package pdftex.def Info: create_channel_gui_w_parallel2-eps-converted-to.pdf us
ed on input line 380.
(pdftex.def)             Requested size: 505.89pt x 270.61278pt.


LaTeX Warning: `!h' float specifier changed to `!ht'.

[10

]
Package epstopdf Info: Source file: <semicircular_channel_w_mesh.eps>
(epstopdf)                    date: 2016-01-26 21:26:48
(epstopdf)                    size: 80974 bytes
(epstopdf)             Output file: <semicircular_channel_w_mesh-eps-converted-
to.pdf>
(epstopdf)                    date: 2016-01-26 21:38:05
(epstopdf)                    size: 19051 bytes
(epstopdf)             Command: <epstopdf --outfile=semicircular_channel_w_mesh
-eps-converted-to.pdf semicircular_channel_w_mesh.eps>
(epstopdf)             \includegraphics on input line 398.
Package epstopdf Info: Output file is already uptodate.

<semicircular_channel_w_mesh-eps-converted-to.pdf, id=43, 1230.5975pt x 591.208
76pt>
File: semicircular_channel_w_mesh-eps-converted-to.pdf Graphic file (type pdf)
 <use semicircular_channel_w_mesh-eps-converted-to.pdf>
Package pdftex.def Info: semicircular_channel_w_mesh-eps-converted-to.pdf used 
on input line 398.
(pdftex.def)             Requested size: 278.24104pt x 133.66574pt.
Package epstopdf Info: Source file: <polyIGFEM_semicircular_T_vs_x_yp01.eps>
(epstopdf)                    date: 2016-01-26 21:20:55
(epstopdf)                    size: 34525 bytes
(epstopdf)             Output file: <polyIGFEM_semicircular_T_vs_x_yp01-eps-con
verted-to.pdf>
(epstopdf)                    date: 2016-01-26 21:38:05
(epstopdf)                    size: 8677 bytes
(epstopdf)             Command: <epstopdf --outfile=polyIGFEM_semicircular_T_vs
_x_yp01-eps-converted-to.pdf polyIGFEM_semicircular_T_vs_x_yp01.eps>
(epstopdf)             \includegraphics on input line 404.
Package epstopdf Info: Output file is already uptodate.

<polyIGFEM_semicircular_T_vs_x_yp01-eps-converted-to.pdf, id=44, 1042.89626pt x
 662.475pt>
File: polyIGFEM_semicircular_T_vs_x_yp01-eps-converted-to.pdf Graphic file (typ
e pdf)
 <use polyIGFEM_semicircular_T_vs_x_yp01-eps-converted-to.pdf>
Package pdftex.def Info: polyIGFEM_semicircular_T_vs_x_yp01-eps-converted-to.pd
f used on input line 404.
(pdftex.def)             Requested size: 252.94499pt x 160.67526pt.

<polynomial_IGFEM_semicircular_channel_T.png, id=45, 431.211pt x 308.352pt>
File: polynomial_IGFEM_semicircular_channel_T.png Graphic file (type png)

<use polynomial_IGFEM_semicircular_channel_T.png>
Package pdftex.def Info: polynomial_IGFEM_semicircular_channel_T.png used on in
put line 410.
(pdftex.def)             Requested size: 252.94499pt x 180.87686pt.


LaTeX Warning: Float too large for page by 25.5413pt on input line 414.


LaTeX Warning: `!h' float specifier changed to `!ht'.


Overfull \hbox (13.63678pt too wide) in paragraph at lines 419--420
\OT1/cmr/m/n/10.95 meshes for the semi-cir-cu-lar chan-nel of the par-tic-u-lar
 ra-dius are \OT1/cmtt/m/n/10.95 conform1b[]temp[]all[]semicircle[]ro[]p04.inp\
OT1/cmr/m/n/10.95 ,
 []

[11 <./create_channel_gui_w_parallel2-eps-converted-to.pdf>] [12] [13 <./semici
rcular_channel_w_mesh-eps-converted-to.pdf> <./polyIGFEM_semicircular_T_vs_x_yp
01-eps-converted-to.pdf> <./polynomial_IGFEM_semicircular_channel_T.png>]

LaTeX Warning: `!h' float specifier changed to `!ht'.

[14

]
Package epstopdf Info: Source file: <parallelTwoRef.eps>
(epstopdf)                    date: 2015-03-30 08:16:25
(epstopdf)                    size: 15113 bytes
(epstopdf)             Output file: <parallelTwoRef-eps-converted-to.pdf>
(epstopdf)                    date: 2016-01-25 23:26:04
(epstopdf)                    size: 3114 bytes
(epstopdf)             Command: <epstopdf --outfile=parallelTwoRef-eps-converte
d-to.pdf parallelTwoRef.eps>
(epstopdf)             \includegraphics on input line 549.
Package epstopdf Info: Output file is already uptodate.
 <parallelTwoRef-eps-converted-to.pdf, id=119, 349.305pt x 448.67625pt>
File: parallelTwoRef-eps-converted-to.pdf Graphic file (type pdf)

<use parallelTwoRef-eps-converted-to.pdf>
Package pdftex.def Info: parallelTwoRef-eps-converted-to.pdf used on input line
 549.
(pdftex.def)             Requested size: 141.64857pt x 181.94565pt.
Package epstopdf Info: Source file: <parallelTwo_reference_30x40_mesh.eps>
(epstopdf)                    date: 2015-03-01 11:33:02
(epstopdf)                    size: 181185 bytes
(epstopdf)             Output file: <parallelTwo_reference_30x40_mesh-eps-conve
rted-to.pdf>
(epstopdf)                    date: 2016-01-25 23:53:09
(epstopdf)                    size: 22620 bytes
(epstopdf)             Command: <epstopdf --outfile=parallelTwo_reference_30x40
_mesh-eps-converted-to.pdf parallelTwo_reference_30x40_mesh.eps>
(epstopdf)             \includegraphics on input line 553.
Package epstopdf Info: Output file is already uptodate.

<parallelTwo_reference_30x40_mesh-eps-converted-to.pdf, id=120, 357.335pt x 448
.67625pt>
File: parallelTwo_reference_30x40_mesh-eps-converted-to.pdf Graphic file (type 
pdf)
 <use parallelTwo_reference_30x40_mesh-eps-converted-to.pdf>
Package pdftex.def Info: parallelTwo_reference_30x40_mesh-eps-converted-to.pdf 
used on input line 553.
(pdftex.def)             Requested size: 141.64857pt x 177.85844pt.

<parallelTwoRefT.png, id=121, 705.63625pt x 743.77875pt>
File: parallelTwoRefT.png Graphic file (type png)

<use parallelTwoRefT.png>
Package pdftex.def Info: parallelTwoRefT.png used on input line 557.
(pdftex.def)             Requested size: 177.06458pt x 186.63652pt.


LaTeX Warning: `!h' float specifier changed to `!ht'.


LaTeX Warning: `!h' float specifier changed to `!ht'.


LaTeX Warning: `!h' float specifier changed to `!ht'.

[15] [16 <./parallelTwoRef-eps-converted-to.pdf> <./parallelTwo_reference_30x40
_mesh-eps-converted-to.pdf> <./parallelTwoRefT.png (PNG copy)>] [17] [18]
(./User_manual.bbl) [19

] (./User_manual.aux) ) 
Here is how much of TeX's memory you used:
 4538 strings out of 493089
 67542 string characters out of 6134842
 150059 words of memory out of 5000000
 7940 multiletter control sequences out of 15000+600000
 11558 words of font info for 44 fonts, out of 8000000 for 9000
 1141 hyphenation exceptions out of 8191
 42i,13n,38p,1210b,453s stack positions out of 5000i,500n,10000p,200000b,80000s
</usr/local/texlive/2015/texmf-dist/fonts/type1/public/a
msfonts/cm/cmbx12.pfb></usr/local/texlive/2015/texmf-dist/fonts/type1/public/am
sfonts/cm/cmmi10.pfb></usr/local/texlive/2015/texmf-dist/fonts/type1/public/ams
fonts/cm/cmmi8.pfb></usr/local/texlive/2015/texmf-dist/fonts/type1/public/amsfo
nts/cm/cmr10.pfb></usr/local/texlive/2015/texmf-dist/fonts/type1/public/amsfont
s/cm/cmr12.pfb></usr/local/texlive/2015/texmf-dist/fonts/type1/public/amsfonts/
cm/cmr17.pfb></usr/local/texlive/2015/texmf-dist/fonts/type1/public/amsfonts/cm
/cmr8.pfb></usr/local/texlive/2015/texmf-dist/fonts/type1/public/amsfonts/cm/cm
sy10.pfb></usr/local/texlive/2015/texmf-dist/fonts/type1/public/amsfonts/cm/cms
y8.pfb></usr/local/texlive/2015/texmf-dist/fonts/type1/public/amsfonts/cm/cmti1
0.pfb></usr/local/texlive/2015/texmf-dist/fonts/type1/public/amsfonts/cm/cmtt10
.pfb>
Output written on User_manual.pdf (19 pages, 623807 bytes).
PDF statistics:
 180 PDF objects out of 1000 (max. 8388607)
 95 compressed objects within 1 object stream
 0 named destinations out of 1000 (max. 500000)
 36 words of extra memory for PDF output out of 10000 (max. 10000000)

